Determining if the pthread_create exist failed with the following output:
Change Dir: /home/lyc/slam/rpg_svo/svo/build/CMakeFiles/CMakeTmp

Run Build Command:"/usr/bin/make" "cmTC_71872/fast"
/usr/bin/make -f CMakeFiles/cmTC_71872.dir/build.make CMakeFiles/cmTC_71872.dir/build
make[1]: Entering directory '/home/lyc/slam/rpg_svo/svo/build/CMakeFiles/CMakeTmp'
Building C object CMakeFiles/cmTC_71872.dir/CheckSymbolExists.c.o
/usr/bin/cc   -fPIC    -o CMakeFiles/cmTC_71872.dir/CheckSymbolExists.c.o   -c /home/lyc/slam/rpg_svo/svo/build/CMakeFiles/CMakeTmp/CheckSymbolExists.c
Linking C executable cmTC_71872
/usr/bin/cmake -E cmake_link_script CMakeFiles/cmTC_71872.dir/link.txt --verbose=1
/usr/bin/cc -fPIC     -rdynamic CMakeFiles/cmTC_71872.dir/CheckSymbolExists.c.o  -o cmTC_71872 
CMakeFiles/cmTC_71872.dir/CheckSymbolExists.c.o: In function `main':
CheckSymbolExists.c:(.text+0x1b): undefined reference to `pthread_create'
collect2: error: ld returned 1 exit status
CMakeFiles/cmTC_71872.dir/build.make:97: recipe for target 'cmTC_71872' failed
make[1]: *** [cmTC_71872] Error 1
make[1]: Leaving directory '/home/lyc/slam/rpg_svo/svo/build/CMakeFiles/CMakeTmp'
Makefile:126: recipe for target 'cmTC_71872/fast' failed
make: *** [cmTC_71872/fast] Error 2

File /home/lyc/slam/rpg_svo/svo/build/CMakeFiles/CMakeTmp/CheckSymbolExists.c:
/* */
#include <pthread.h>

int main(int argc, char** argv)
{
  (void)argv;
#ifndef pthread_create
  return ((int*)(&pthread_create))[argc];
#else
  (void)argc;
  return 0;
#endif
}

Determining if the function pthread_create exists in the pthreads failed with the following output:
Change Dir: /home/lyc/slam/rpg_svo/svo/build/CMakeFiles/CMakeTmp

Run Build Command:"/usr/bin/make" "cmTC_388fa/fast"
/usr/bin/make -f CMakeFiles/cmTC_388fa.dir/build.make CMakeFiles/cmTC_388fa.dir/build
make[1]: Entering directory '/home/lyc/slam/rpg_svo/svo/build/CMakeFiles/CMakeTmp'
Building C object CMakeFiles/cmTC_388fa.dir/CheckFunctionExists.c.o
/usr/bin/cc   -fPIC -DCHECK_FUNCTION_EXISTS=pthread_create   -o CMakeFiles/cmTC_388fa.dir/CheckFunctionExists.c.o   -c /usr/share/cmake-3.10/Modules/CheckFunctionExists.c
Linking C executable cmTC_388fa
/usr/bin/cmake -E cmake_link_script CMakeFiles/cmTC_388fa.dir/link.txt --verbose=1
/usr/bin/cc -fPIC -DCHECK_FUNCTION_EXISTS=pthread_create    -rdynamic CMakeFiles/cmTC_388fa.dir/CheckFunctionExists.c.o  -o cmTC_388fa -lpthreads 
/usr/bin/ld: cannot find -lpthreads
collect2: error: ld returned 1 exit status
CMakeFiles/cmTC_388fa.dir/build.make:97: recipe for target 'cmTC_388fa' failed
make[1]: *** [cmTC_388fa] Error 1
make[1]: Leaving directory '/home/lyc/slam/rpg_svo/svo/build/CMakeFiles/CMakeTmp'
Makefile:126: recipe for target 'cmTC_388fa/fast' failed
make: *** [cmTC_388fa/fast] Error 2


